{"/home/emmanuel/Documents/react/casual/src/App.js": {"path":"/home/emmanuel/Documents/react/casual/src/App.js","statementMap":{"0":{"start":{"line":1,"column":42},"end":{"line":1,"column":97}},"1":{"start":{"line":1,"column":128},"end":{"line":1,"column":184}},"2":{"start":{"line":1,"column":185},"end":{"line":1,"column":247}},"3":{"start":{"line":1,"column":247},"end":{"line":1,"column":272}},"4":{"start":{"line":1,"column":295},"end":{"line":1,"column":367}},"5":{"start":{"line":1,"column":388},"end":{"line":1,"column":457}},"6":{"start":{"line":1,"column":492},"end":{"line":1,"column":575}},"7":{"start":{"line":1,"column":599},"end":{"line":1,"column":671}},"8":{"start":{"line":1,"column":689},"end":{"line":1,"column":755}},"9":{"start":{"line":1,"column":769},"end":{"line":1,"column":810}},"10":{"start":{"line":2,"column":18},"end":{"line":2,"column":40}},"11":{"start":{"line":3,"column":13},"end":{"line":3,"column":55}},"12":{"start":{"line":3,"column":75},"end":{"line":3,"column":125}},"13":{"start":{"line":8,"column":6},"end":{"line":44,"column":40}},"14":{"start":{"line":8,"column":29},"end":{"line":8,"column":70}},"15":{"start":{"line":8,"column":86},"end":{"line":8,"column":127}},"16":{"start":{"line":8,"column":127},"end":{"line":8,"column":240}},"17":{"start":{"line":8,"column":241},"end":{"line":44,"column":10}},"18":{"start":{"line":10,"column":6},"end":{"line":10,"column":24}},"19":{"start":{"line":43,"column":6},"end":{"line":43,"column":145}},"20":{"start":{"line":44,"column":10},"end":{"line":44,"column":21}},"21":{"start":{"line":44,"column":41},"end":{"line":44,"column":63}}},"fnMap":{"0":{"name":"(anonymous_0)","decl":{"start":{"line":8,"column":6},"end":{"line":8,"column":7}},"loc":{"start":{"line":8,"column":28},"end":{"line":44,"column":22}},"line":8},"1":{"name":"App","decl":{"start":{"line":8,"column":79},"end":{"line":8,"column":82}},"loc":{"start":{"line":8,"column":85},"end":{"line":8,"column":241}},"line":8},"2":{"name":"componentDidMount","decl":{"start":{"line":8,"column":318},"end":{"line":8,"column":335}},"loc":{"start":{"line":9,"column":4},"end":{"line":11,"column":5}},"line":9},"3":{"name":"render","decl":{"start":{"line":11,"column":42},"end":{"line":11,"column":48}},"loc":{"start":{"line":42,"column":4},"end":{"line":44,"column":5}},"line":42}},"branchMap":{},"s":{"0":1,"1":1,"2":1,"3":1,"4":1,"5":1,"6":1,"7":1,"8":1,"9":1,"10":1,"11":1,"12":1,"13":1,"14":1,"15":1,"16":1,"17":1,"18":1,"19":1,"20":1,"21":1},"f":{"0":1,"1":1,"2":1,"3":1},"b":{},"_coverageSchema":"43e27e138ebf9cfc5966b082cf9a028302ed4184","hash":"a4769f7e2bf67d11f80ed74bbc993a0909a0af25"}
,"/home/emmanuel/Documents/react/casual/src/store.js": {"path":"/home/emmanuel/Documents/react/casual/src/store.js","statementMap":{"0":{"start":{"line":1,"column":42},"end":{"line":1,"column":97}},"1":{"start":{"line":1,"column":98},"end":{"line":1,"column":160}},"2":{"start":{"line":1,"column":160},"end":{"line":1,"column":185}},"3":{"start":{"line":1,"column":198},"end":{"line":1,"column":214}},"4":{"start":{"line":2,"column":17},"end":{"line":2,"column":62}},"5":{"start":{"line":4,"column":16},"end":{"line":4,"column":61}},"6":{"start":{"line":6,"column":21},"end":{"line":6,"column":46}},"7":{"start":{"line":10,"column":0},"end":{"line":15,"column":14}},"8":{"start":{"line":17,"column":15},"end":{"line":17,"column":76}},"9":{"start":{"line":19,"column":0},"end":{"line":19,"column":52}},"10":{"start":{"line":19,"column":53},"end":{"line":19,"column":80}}},"fnMap":{},"branchMap":{"0":{"loc":{"start":{"line":10,"column":0},"end":{"line":15,"column":14}},"type":"cond-expr","locations":[{"start":{"line":12,"column":0},"end":{"line":12,"column":47}},{"start":{"line":15,"column":0},"end":{"line":15,"column":14}}],"line":10},"1":{"loc":{"start":{"line":10,"column":0},"end":{"line":10,"column":73}},"type":"binary-expr","locations":[{"start":{"line":10,"column":0},"end":{"line":10,"column":26}},{"start":{"line":10,"column":30},"end":{"line":10,"column":73}}],"line":10}},"s":{"0":1,"1":1,"2":1,"3":1,"4":1,"5":1,"6":1,"7":1,"8":1,"9":1,"10":1},"f":{},"b":{"0":[0,1],"1":[1,1]},"_coverageSchema":"43e27e138ebf9cfc5966b082cf9a028302ed4184","hash":"a0c3fa7f677eac973d1f19e549786a99982058f4"}
,"/home/emmanuel/Documents/react/casual/src/features/login/constants.js": {"path":"/home/emmanuel/Documents/react/casual/src/features/login/constants.js","statementMap":{"0":{"start":{"line":1,"column":13},"end":{"line":1,"column":75}},"1":{"start":{"line":1,"column":75},"end":{"line":1,"column":104}},"2":{"start":{"line":1,"column":122},"end":{"line":1,"column":135}},"3":{"start":{"line":1,"column":136},"end":{"line":1,"column":170}}},"fnMap":{},"branchMap":{},"s":{"0":1,"1":1,"2":1,"3":1},"f":{},"b":{},"_coverageSchema":"43e27e138ebf9cfc5966b082cf9a028302ed4184","hash":"b0f4e909e55773ef93b2964c6869d37694718ba6"}
,"/home/emmanuel/Documents/react/casual/src/reducers/index.js": {"path":"/home/emmanuel/Documents/react/casual/src/reducers/index.js","statementMap":{"0":{"start":{"line":1,"column":42},"end":{"line":1,"column":97}},"1":{"start":{"line":1,"column":98},"end":{"line":1,"column":160}},"2":{"start":{"line":1,"column":160},"end":{"line":1,"column":185}},"3":{"start":{"line":1,"column":198},"end":{"line":1,"column":214}},"4":{"start":{"line":3,"column":12},"end":{"line":3,"column":53}},"5":{"start":{"line":5,"column":0},"end":{"line":5,"column":52}},"6":{"start":{"line":5,"column":53},"end":{"line":5,"column":80}}},"fnMap":{},"branchMap":{},"s":{"0":1,"1":1,"2":1,"3":1,"4":1,"5":1,"6":1},"f":{},"b":{},"_coverageSchema":"43e27e138ebf9cfc5966b082cf9a028302ed4184","hash":"268c744aa8ae09f28d7015785dba1e5c46c63544"}
,"/home/emmanuel/Documents/react/casual/src/reducers/user.js": {"path":"/home/emmanuel/Documents/react/casual/src/reducers/user.js","statementMap":{"0":{"start":{"line":1,"column":42},"end":{"line":1,"column":97}},"1":{"start":{"line":1,"column":98},"end":{"line":1,"column":160}},"2":{"start":{"line":1,"column":160},"end":{"line":1,"column":190}},"3":{"start":{"line":1,"column":211},"end":{"line":1,"column":281}},"4":{"start":{"line":1,"column":299},"end":{"line":1,"column":337}},"5":{"start":{"line":3,"column":18},"end":{"line":3,"column":22}},"6":{"start":{"line":5,"column":36},"end":{"line":5,"column":115}},"7":{"start":{"line":5,"column":129},"end":{"line":5,"column":176}},"8":{"start":{"line":6,"column":2},"end":{"line":10,"column":20}},"9":{"start":{"line":8,"column":6},"end":{"line":8,"column":65}},"10":{"start":{"line":10,"column":6},"end":{"line":10,"column":19}}},"fnMap":{"0":{"name":"UserReducer","decl":{"start":{"line":5,"column":9},"end":{"line":5,"column":20}},"loc":{"start":{"line":5,"column":23},"end":{"line":12,"column":1}},"line":5}},"branchMap":{"0":{"loc":{"start":{"line":5,"column":36},"end":{"line":5,"column":115}},"type":"cond-expr","locations":[{"start":{"line":5,"column":89},"end":{"line":5,"column":101}},{"start":{"line":5,"column":104},"end":{"line":5,"column":115}}],"line":5},"1":{"loc":{"start":{"line":5,"column":36},"end":{"line":5,"column":86}},"type":"binary-expr","locations":[{"start":{"line":5,"column":36},"end":{"line":5,"column":56}},{"start":{"line":5,"column":60},"end":{"line":5,"column":86}}],"line":5},"2":{"loc":{"start":{"line":5,"column":129},"end":{"line":5,"column":176}},"type":"cond-expr","locations":[{"start":{"line":5,"column":152},"end":{"line":5,"column":164}},{"start":{"line":5,"column":167},"end":{"line":5,"column":176}}],"line":5},"3":{"loc":{"start":{"line":6,"column":2},"end":{"line":10,"column":20}},"type":"switch","locations":[{"start":{"line":7,"column":4},"end":{"line":8,"column":65}},{"start":{"line":9,"column":4},"end":{"line":10,"column":19}}],"line":6}},"s":{"0":1,"1":1,"2":1,"3":1,"4":1,"5":1,"6":3,"7":3,"8":3,"9":0,"10":3},"f":{"0":3},"b":{"0":[0,3],"1":[3,3],"2":[3,0],"3":[0,3]},"_coverageSchema":"43e27e138ebf9cfc5966b082cf9a028302ed4184","hash":"5ecd233917315f3f88fd83c8b8ddd86f59c00d16"}
}
