{"/home/emmanuel/Documents/react/casual/src/App.js": {"path":"/home/emmanuel/Documents/react/casual/src/App.js","statementMap":{"0":{"start":{"line":1,"column":42},"end":{"line":1,"column":97}},"1":{"start":{"line":1,"column":128},"end":{"line":1,"column":184}},"2":{"start":{"line":1,"column":185},"end":{"line":1,"column":247}},"3":{"start":{"line":1,"column":247},"end":{"line":1,"column":272}},"4":{"start":{"line":1,"column":295},"end":{"line":1,"column":367}},"5":{"start":{"line":1,"column":388},"end":{"line":1,"column":457}},"6":{"start":{"line":1,"column":492},"end":{"line":1,"column":575}},"7":{"start":{"line":1,"column":599},"end":{"line":1,"column":671}},"8":{"start":{"line":1,"column":689},"end":{"line":1,"column":755}},"9":{"start":{"line":9,"column":13},"end":{"line":9,"column":54}},"10":{"start":{"line":10,"column":19},"end":{"line":10,"column":42}},"11":{"start":{"line":10,"column":62},"end":{"line":10,"column":112}},"12":{"start":{"line":12,"column":6},"end":{"line":19,"column":40}},"13":{"start":{"line":12,"column":29},"end":{"line":12,"column":70}},"14":{"start":{"line":12,"column":86},"end":{"line":12,"column":127}},"15":{"start":{"line":12,"column":127},"end":{"line":12,"column":240}},"16":{"start":{"line":12,"column":241},"end":{"line":19,"column":10}},"17":{"start":{"line":14,"column":6},"end":{"line":16,"column":125}},"18":{"start":{"line":19,"column":10},"end":{"line":19,"column":21}},"19":{"start":{"line":19,"column":41},"end":{"line":19,"column":63}}},"fnMap":{"0":{"name":"(anonymous_0)","decl":{"start":{"line":12,"column":6},"end":{"line":12,"column":7}},"loc":{"start":{"line":12,"column":28},"end":{"line":19,"column":22}},"line":12},"1":{"name":"App","decl":{"start":{"line":12,"column":79},"end":{"line":12,"column":82}},"loc":{"start":{"line":12,"column":85},"end":{"line":12,"column":241}},"line":12},"2":{"name":"render","decl":{"start":{"line":12,"column":307},"end":{"line":12,"column":313}},"loc":{"start":{"line":13,"column":4},"end":{"line":19,"column":5}},"line":13}},"branchMap":{},"s":{"0":1,"1":1,"2":1,"3":1,"4":1,"5":1,"6":1,"7":1,"8":1,"9":1,"10":1,"11":1,"12":1,"13":1,"14":1,"15":1,"16":1,"17":1,"18":1,"19":1},"f":{"0":1,"1":1,"2":1},"b":{},"_coverageSchema":"43e27e138ebf9cfc5966b082cf9a028302ed4184","hash":"12771897e71d1581edf321aecbb7906333d57d27"}
}
