TN:
SF:/home/emmanuel/Documents/react/casual/src/App.js
FN:8,(anonymous_0)
FN:8,App
FN:8,componentDidMount
FN:11,render
FNF:4
FNH:4
FNDA:1,(anonymous_0)
FNDA:1,App
FNDA:1,componentDidMount
FNDA:1,render
DA:1,1
DA:2,1
DA:3,1
DA:8,1
DA:10,1
DA:43,1
DA:44,1
LF:7
LH:7
BRF:0
BRH:0
end_of_record
TN:
SF:/home/emmanuel/Documents/react/casual/src/store.js
FNF:0
FNH:0
DA:1,1
DA:2,1
DA:4,1
DA:6,1
DA:10,1
DA:17,1
DA:19,1
LF:7
LH:7
BRDA:10,0,0,0
BRDA:10,0,1,1
BRDA:10,1,0,1
BRDA:10,1,1,1
BRF:4
BRH:3
end_of_record
TN:
SF:/home/emmanuel/Documents/react/casual/src/features/login/constants.js
FNF:0
FNH:0
DA:1,1
LF:1
LH:1
BRF:0
BRH:0
end_of_record
TN:
SF:/home/emmanuel/Documents/react/casual/src/reducers/index.js
FNF:0
FNH:0
DA:1,1
DA:3,1
DA:5,1
LF:3
LH:3
BRF:0
BRH:0
end_of_record
TN:
SF:/home/emmanuel/Documents/react/casual/src/reducers/user.js
FN:5,UserReducer
FNF:1
FNH:1
FNDA:3,UserReducer
DA:1,1
DA:3,1
DA:5,3
DA:6,3
DA:8,0
DA:10,3
LF:6
LH:5
BRDA:5,0,0,0
BRDA:5,0,1,3
BRDA:5,1,0,3
BRDA:5,1,1,3
BRDA:5,2,0,3
BRDA:5,2,1,0
BRDA:6,3,0,0
BRDA:6,3,1,3
BRF:8
BRH:5
end_of_record
