TN:
SF:/Users/emmanuelorozco/Documents/react-native/chosen/src/components/Button/index.js
FN:5,(anonymous_0)
FN:5,Button
FN:5,render
FN:10,onPress
FNF:4
FNH:4
FNDA:1,(anonymous_0)
FNDA:1,Button
FNDA:1,render
FNDA:1,onPress
DA:1,1
DA:2,1
DA:5,1
DA:7,1
DA:11,1
DA:17,1
LF:6
LH:6
BRF:0
BRH:0
end_of_record
TN:
SF:/Users/emmanuelorozco/Documents/react-native/chosen/src/features/login/constants.js
FNF:0
FNH:0
DA:1,1
LF:1
LH:1
BRF:0
BRH:0
end_of_record
TN:
SF:/Users/emmanuelorozco/Documents/react-native/chosen/src/features/login/actions/index.js
FN:3,login
FNF:1
FNH:1
FNDA:2,login
DA:1,1
DA:3,1
DA:4,2
DA:7,1
LF:4
LH:4
BRF:0
BRH:0
end_of_record
TN:
SF:/Users/emmanuelorozco/Documents/react-native/chosen/src/lib/mocks/navigator.js
FNF:0
FNH:0
DA:1,1
LF:1
LH:1
BRF:0
BRH:0
end_of_record
TN:
SF:/Users/emmanuelorozco/Documents/react-native/chosen/src/navigation/RedirectorLogic.js
FN:8,mapStateToProps
FN:14,(anonymous_1)
FN:14,RedirectorLogic
FN:14,componentDidMount
FN:23,render
FNF:5
FNH:2
FNDA:1,mapStateToProps
FNDA:1,(anonymous_1)
FNDA:0,RedirectorLogic
FNDA:0,componentDidMount
FNDA:0,render
DA:1,1
DA:2,1
DA:3,1
DA:4,1
DA:6,1
DA:8,1
DA:9,1
DA:12,1
DA:14,1
DA:16,0
DA:17,0
DA:18,0
DA:19,0
DA:21,0
DA:26,0
DA:33,1
DA:36,1
LF:17
LH:11
BRDA:17,0,0,0
BRDA:17,0,1,0
BRF:2
BRH:0
end_of_record
TN:
SF:/Users/emmanuelorozco/Documents/react-native/chosen/src/reducers/user.js
FN:5,UserReducer
FNF:1
FNH:1
FNDA:3,UserReducer
DA:1,1
DA:3,1
DA:5,3
DA:6,3
DA:8,2
DA:10,1
LF:6
LH:6
BRDA:5,0,0,3
BRDA:5,0,1,0
BRDA:5,1,0,3
BRDA:5,1,1,3
BRDA:5,2,0,3
BRDA:5,2,1,0
BRDA:6,3,0,2
BRDA:6,3,1,1
BRF:8
BRH:6
end_of_record
TN:
SF:/Users/emmanuelorozco/Documents/react-native/chosen/src/selectors/user.js
FN:3,getUser
FNF:1
FNH:1
FNDA:2,getUser
DA:1,2
DA:3,2
LF:2
LH:2
BRF:0
BRH:0
end_of_record
